13:50:18  INFO      main — Config saved → config.json
13:50:18  INFO      main — Hotkey registered: Key.ctrl_r
13:50:18  INFO      transcriber — Loading faster-whisper [medium] …
13:50:19  INFO      httpx — HTTP Request: GET https://huggingface.co/api/models/Systran/faster-whisper-medium/revision/main "HTTP/1.1 200 OK"
13:50:19  INFO      httpx — HTTP Request: GET https://huggingface.co/api/models/Systran/faster-whisper-medium/revision/main "HTTP/1.1 200 OK"
13:51:02  INFO      main — Hotkey registered: Key.ctrl_r
13:51:02  INFO      transcriber — Loading faster-whisper [medium] …
13:51:03  INFO      httpx — HTTP Request: GET https://huggingface.co/api/models/Systran/faster-whisper-medium/revision/main "HTTP/1.1 200 OK"
13:51:03  INFO      httpx — HTTP Request: GET https://huggingface.co/api/models/Systran/faster-whisper-medium/revision/main "HTTP/1.1 200 OK"
13:51:36  INFO      main — Config saved → config.json
13:51:36  INFO      main — Hotkey registered: Key.ctrl_r
13:51:36  INFO      transcriber — Loading faster-whisper [medium] …
13:51:37  INFO      httpx — HTTP Request: GET https://huggingface.co/api/models/Systran/faster-whisper-medium/revision/main "HTTP/1.1 200 OK"
13:51:37  INFO      httpx — HTTP Request: GET https://huggingface.co/api/models/Systran/faster-whisper-medium/revision/main "HTTP/1.1 200 OK"
14:29:44  INFO      main — Hotkey registered: Key.ctrl_r
14:29:44  INFO      transcriber — Loading faster-whisper [medium] …
14:29:45  INFO      httpx — HTTP Request: GET https://huggingface.co/api/models/Systran/faster-whisper-medium/revision/main "HTTP/1.1 200 OK"
14:29:45  INFO      httpx — HTTP Request: GET https://api.github.com/repos/Blakii22/voice-recorder/releases/latest "HTTP/1.1 404 Not Found"
14:29:45  INFO      httpx — HTTP Request: GET https://huggingface.co/api/models/Systran/faster-whisper-medium/revision/main "HTTP/1.1 200 OK"
14:29:54  INFO      transcriber — Model ready.
14:29:54  INFO      main — Model ready — app idle.
14:29:57  INFO      main — VoiceNote exited.
14:30:11  INFO      main — Hotkey registered: Key.ctrl_r
14:30:11  INFO      transcriber — Loading faster-whisper [medium] …
14:30:12  INFO      httpx — HTTP Request: GET https://api.github.com/repos/Blakii22/voice-recorder/releases/latest "HTTP/1.1 404 Not Found"
14:30:12  INFO      httpx — HTTP Request: GET https://huggingface.co/api/models/Systran/faster-whisper-medium/revision/main "HTTP/1.1 200 OK"
14:30:12  INFO      httpx — HTTP Request: GET https://huggingface.co/api/models/Systran/faster-whisper-medium/revision/main "HTTP/1.1 200 OK"
14:30:19  INFO      transcriber — Model ready.
14:30:19  INFO      main — Model ready — app idle.
14:31:05  INFO      main — VoiceNote exited.
14:34:14  INFO      main — Hotkey registered: Key.ctrl_r
14:34:14  INFO      transcriber — Loading faster-whisper [medium] …
14:34:15  INFO      httpx — HTTP Request: GET https://api.github.com/repos/Blakii22/voice-recorder/releases/latest "HTTP/1.1 404 Not Found"
14:34:15  INFO      httpx — HTTP Request: GET https://huggingface.co/api/models/Systran/faster-whisper-medium/revision/main "HTTP/1.1 200 OK"
14:34:15  INFO      httpx — HTTP Request: GET https://huggingface.co/api/models/Systran/faster-whisper-medium/revision/main "HTTP/1.1 200 OK"
14:34:23  INFO      transcriber — Model ready.
14:34:23  INFO      main — Model ready — app idle.
14:34:49  INFO      main — Config saved → config.json
14:34:49  INFO      main — Settings saved.
14:35:53  INFO      faster_whisper — Processing audio with duration 00:58.624
14:35:53  INFO      faster_whisper — VAD filter removed 00:33.056 of audio
14:36:00  INFO      main — Config saved → config.json
14:36:00  INFO      main — Device switched to index 0
14:36:16  INFO      main — Config saved → config.json
14:36:16  INFO      main — Device switched to index 0
14:36:21  INFO      main — Transcribed: 'No i się nagrywa cały czas, no i to działa tak jak powinno. Teraz zrobimy długie'
14:36:21  INFO      faster_whisper — Processing audio with duration 00:06.080
14:36:21  INFO      faster_whisper — VAD filter removed 00:03.168 of audio
14:36:22  INFO      httpx — HTTP Request: POST https://n8n.emanager.pro/webhook/voicenote "HTTP/1.1 200 OK"
14:36:22  INFO      sender — Sent ✓  Stanisław: 'No i się nagrywa cały czas, no i to działa tak jak powinno. '
14:36:27  INFO      main — Config saved → config.json
14:36:27  INFO      main — Device switched to index 0
14:36:35  INFO      main — Transcribed: 'Dlaczego Windows dla mnie zmienia kurwa ma się coś?'
14:36:35  INFO      faster_whisper — Processing audio with duration 00:00.768
14:36:35  INFO      faster_whisper — VAD filter removed 00:00.768 of audio
14:36:35  INFO      main — Transcribed: ''
14:36:35  INFO      faster_whisper — Processing audio with duration 00:06.464
14:36:35  INFO      faster_whisper — VAD filter removed 00:04.416 of audio
14:36:36  INFO      httpx — HTTP Request: POST https://n8n.emanager.pro/webhook/voicenote "HTTP/1.1 200 OK"
14:36:36  INFO      sender — Sent ✓  Stanisław: 'Dlaczego Windows dla mnie zmienia kurwa ma się coś?'
14:36:36  INFO      httpx — HTTP Request: POST https://n8n.emanager.pro/webhook/voicenote "HTTP/1.1 200 OK"
14:36:36  INFO      sender — Sent ✓  Stanisław: ''
14:36:44  INFO      main — VoiceNote exited.
14:36:57  INFO      main — Hotkey registered: Key.ctrl_r
14:36:58  INFO      transcriber — Loading faster-whisper [medium] …
14:36:58  INFO      httpx — HTTP Request: GET https://huggingface.co/api/models/Systran/faster-whisper-medium/revision/main "HTTP/1.1 200 OK"
14:36:58  INFO      httpx — HTTP Request: GET https://api.github.com/repos/Blakii22/voice-recorder/releases/latest "HTTP/1.1 404 Not Found"
14:36:58  INFO      httpx — HTTP Request: GET https://huggingface.co/api/models/Systran/faster-whisper-medium/revision/main "HTTP/1.1 200 OK"
14:37:06  INFO      transcriber — Model ready.
14:37:06  INFO      main — Model ready — app idle.
